<?xml version="1.0" encoding="UTF-8"?>
<!-- Generated by org.testng.reporters.JUnitXMLReporter -->
<testsuite hostname="INL20-00HJFDC" name="Default test" tests="6" failures="0" timestamp="7 Apr 2019 09:19:32 GMT" time="554.589" errors="0">
  <testcase name="marketing_offer" time="542.232" classname="e2e.E2E_TESTSCENARIOS"/>
  <testcase name="marketing_offer" time="5.068" classname="e2e.E2E_TESTSCENARIOS"/>
  <testcase name="marketing_offerscalculation" time="0.789" classname="e2e.E2E_TESTSCENARIOS"/>
  <testcase name="marketing_offerscalculation" time="0.584" classname="e2e.E2E_TESTSCENARIOS"/>
  <testcase name="special_offer" time="2.345" classname="e2e.E2E_TESTSCENARIOS"/>
  <testcase name="special_offer" time="2.833" classname="e2e.E2E_TESTSCENARIOS"/>
</testsuite> <!-- Default test -->
